17:55:19 **** Incremental Build of configuration Nios II for project nios_software ****
make all 
Info: Building ../nios_software_bsp/
C:/intelFPGA/16.1/nios2eds/bin/gnu/H-x86_64-mingw32/bin/make --no-print-directory -C ../nios_software_bsp/
[BSP build complete]
Info: Compiling audio_demo.c to obj/default/audio_demo.o
nios2-elf-gcc -xc -MP -MMD -c -I../nios_software_bsp//HAL/inc -I../nios_software_bsp/ -I../nios_software_bsp//drivers/inc  -pipe -D__hal__ -DALT_NO_INSTRUCTION_EMULATION -DALT_SINGLE_THREADED    -O0 -g -Wall   -mno-hw-div -mno-hw-mul -mno-hw-mulx -mgpopt=global  -o obj/default/audio_demo.o audio_demo.c
audio_demo.c: In function 'main':
audio_demo.c:179:11: warning: assignment makes pointer from integer without a cast [-Wint-conversion]
     SwVal = *Swptr;
           ^
Info: Linking nios_software.elf
nios2-elf-g++  -T'../nios_software_bsp//linker.x' -msys-crt0='../nios_software_bsp//obj/HAL/src/crt0.o' -msys-lib=hal_bsp -L../nios_software_bsp/   -Wl,-Map=nios_software.map   -O0 -g -Wall   -mno-hw-div -mno-hw-mul -mno-hw-mulx -mgpopt=global  -o nios_software.elf obj/default/audio_demo.o -lm -msys-lib=m
nios2-elf-insert nios_software.elf --thread_model hal --cpu_name nios2_gen2_0 --qsys true --simulation_enabled false --id 1 --sidp 0x4021060 --timestamp 1525896340 --stderr_dev jtag_uart_0 --stdin_dev jtag_uart_0 --stdout_dev jtag_uart_0 --sopc_system_name nios_system --quartus_project_dir "S:/embedded2/embeded/audiodemo/audiodemoquartus" --jdi ../..//output_files/audiodemo.jdi --sopcinfo S:/embedded2/embeded/audiodemo/audiodemoquartus/software/nios_software_bsp/../../nios_system.sopcinfo
Info: (nios_software.elf) 34 KBytes program size (code + initialized data).
Info:                     22 KBytes free for stack + heap.
Info: Creating nios_software.objdump
nios2-elf-objdump --disassemble --syms --all-header --source nios_software.elf >nios_software.objdump
[nios_software build complete]
17:55:32 **** Incremental Build of configuration Nios II for project nios_software ****
make all 
Info: Building ../nios_software_bsp/
C:/intelFPGA/16.1/nios2eds/bin/gnu/H-x86_64-mingw32/bin/make --no-print-directory -C ../nios_software_bsp/
[BSP build complete]
[nios_software build complete]
17:55:51 **** Incremental Build of configuration Nios II for project nios_software ****
make all 
Info: Building ../nios_software_bsp/
C:/intelFPGA/16.1/nios2eds/bin/gnu/H-x86_64-mingw32/bin/make --no-print-directory -C ../nios_software_bsp/
[BSP build complete]
[nios_software build complete]
18:01:46 **** Incremental Build of configuration Nios II for project nios_software ****
make all 
Info: Building ../nios_software_bsp/
C:/intelFPGA/16.1/nios2eds/bin/gnu/H-x86_64-mingw32/bin/make --no-print-directory -C ../nios_software_bsp/
[BSP build complete]
[nios_software build complete]
18:01:48 **** Incremental Build of configuration Nios II for project nios_software_bsp ****
make all 
[BSP build complete]
18:01:55 **** Incremental Build of configuration Nios II for project nios_software ****
make all 
Info: Building ../nios_software_bsp/
C:/intelFPGA/16.1/nios2eds/bin/gnu/H-x86_64-mingw32/bin/make --no-print-directory -C ../nios_software_bsp/
[BSP build complete]
Info: Compiling audio_demo.c to obj/default/audio_demo.o
nios2-elf-gcc -xc -MP -MMD -c -I../nios_software_bsp//HAL/inc -I../nios_software_bsp/ -I../nios_software_bsp//drivers/inc  -pipe -D__hal__ -DALT_NO_INSTRUCTION_EMULATION -DALT_SINGLE_THREADED    -O0 -g -Wall   -mno-hw-div -mno-hw-mul -mno-hw-mulx -mgpopt=global  -o obj/default/audio_demo.o audio_demo.c
audio_demo.c: In function 'main':
audio_demo.c:179:11: warning: assignment makes pointer from integer without a cast [-Wint-conversion]
     SwVal = *Swptr;
           ^
Info: Linking nios_software.elf
nios2-elf-g++  -T'../nios_software_bsp//linker.x' -msys-crt0='../nios_software_bsp//obj/HAL/src/crt0.o' -msys-lib=hal_bsp -L../nios_software_bsp/   -Wl,-Map=nios_software.map   -O0 -g -Wall   -mno-hw-div -mno-hw-mul -mno-hw-mulx -mgpopt=global  -o nios_software.elf obj/default/audio_demo.o -lm -msys-lib=m
nios2-elf-insert nios_software.elf --thread_model hal --cpu_name nios2_gen2_0 --qsys true --simulation_enabled false --id 1 --sidp 0x4021060 --timestamp 1525896340 --stderr_dev jtag_uart_0 --stdin_dev jtag_uart_0 --stdout_dev jtag_uart_0 --sopc_system_name nios_system --quartus_project_dir "S:/embedded2/embeded/audiodemo/audiodemoquartus" --jdi ../..//output_files/audiodemo.jdi --sopcinfo S:/embedded2/embeded/audiodemo/audiodemoquartus/software/nios_software_bsp/../../nios_system.sopcinfo
Info: (nios_software.elf) 34 KBytes program size (code + initialized data).
Info:                     22 KBytes free for stack + heap.
Info: Creating nios_software.objdump
nios2-elf-objdump --disassemble --syms --all-header --source nios_software.elf >nios_software.objdump
[nios_software build complete]
18:02:07 **** Incremental Build of configuration Nios II for project nios_software ****
make all 
Info: Building ../nios_software_bsp/
C:/intelFPGA/16.1/nios2eds/bin/gnu/H-x86_64-mingw32/bin/make --no-print-directory -C ../nios_software_bsp/
[BSP build complete]
[nios_software build complete]
18:05:57 **** Incremental Build of configuration Nios II for project nios_software ****
make all 
Info: Building ../nios_software_bsp/
C:/intelFPGA/16.1/nios2eds/bin/gnu/H-x86_64-mingw32/bin/make --no-print-directory -C ../nios_software_bsp/
[BSP build complete]
Info: Compiling audio_demo.c to obj/default/audio_demo.o
nios2-elf-gcc -xc -MP -MMD -c -I../nios_software_bsp//HAL/inc -I../nios_software_bsp/ -I../nios_software_bsp//drivers/inc  -pipe -D__hal__ -DALT_NO_INSTRUCTION_EMULATION -DALT_SINGLE_THREADED    -O0 -g -Wall   -mno-hw-div -mno-hw-mul -mno-hw-mulx -mgpopt=global  -o obj/default/audio_demo.o audio_demo.c
Info: Linking nios_software.elf
nios2-elf-g++  -T'../nios_software_bsp//linker.x' -msys-crt0='../nios_software_bsp//obj/HAL/src/crt0.o' -msys-lib=hal_bsp -L../nios_software_bsp/   -Wl,-Map=nios_software.map   -O0 -g -Wall   -mno-hw-div -mno-hw-mul -mno-hw-mulx -mgpopt=global  -o nios_software.elf obj/default/audio_demo.o -lm -msys-lib=m
nios2-elf-insert nios_software.elf --thread_model hal --cpu_name nios2_gen2_0 --qsys true --simulation_enabled false --id 1 --sidp 0x4021060 --timestamp 1525896340 --stderr_dev jtag_uart_0 --stdin_dev jtag_uart_0 --stdout_dev jtag_uart_0 --sopc_system_name nios_system --quartus_project_dir "S:/embedded2/embeded/audiodemo/audiodemoquartus" --jdi ../..//output_files/audiodemo.jdi --sopcinfo S:/embedded2/embeded/audiodemo/audiodemoquartus/software/nios_software_bsp/../../nios_system.sopcinfo
Info: (nios_software.elf) 34 KBytes program size (code + initialized data).
Info:                     22 KBytes free for stack + heap.
Info: Creating nios_software.objdump
nios2-elf-objdump --disassemble --syms --all-header --source nios_software.elf >nios_software.objdump
[nios_software build complete]
18:06:00 **** Incremental Build of configuration Nios II for project nios_software_bsp ****
make all 
[BSP build complete]
18:06:07 **** Incremental Build of configuration Nios II for project nios_software ****
make all 
Info: Building ../nios_software_bsp/
C:/intelFPGA/16.1/nios2eds/bin/gnu/H-x86_64-mingw32/bin/make --no-print-directory -C ../nios_software_bsp/
[BSP build complete]
[nios_software build complete]
18:10:25 **** Incremental Build of configuration Nios II for project nios_software ****
make all 
Info: Building ../nios_software_bsp/
C:/intelFPGA/16.1/nios2eds/bin/gnu/H-x86_64-mingw32/bin/make --no-print-directory -C ../nios_software_bsp/
[BSP build complete]
Info: Compiling audio_demo.c to obj/default/audio_demo.o
nios2-elf-gcc -xc -MP -MMD -c -I../nios_software_bsp//HAL/inc -I../nios_software_bsp/ -I../nios_software_bsp//drivers/inc  -pipe -D__hal__ -DALT_NO_INSTRUCTION_EMULATION -DALT_SINGLE_THREADED    -O0 -g -Wall   -mno-hw-div -mno-hw-mul -mno-hw-mulx -mgpopt=global  -o obj/default/audio_demo.o audio_demo.c
Info: Linking nios_software.elf
nios2-elf-g++  -T'../nios_software_bsp//linker.x' -msys-crt0='../nios_software_bsp//obj/HAL/src/crt0.o' -msys-lib=hal_bsp -L../nios_software_bsp/   -Wl,-Map=nios_software.map   -O0 -g -Wall   -mno-hw-div -mno-hw-mul -mno-hw-mulx -mgpopt=global  -o nios_software.elf obj/default/audio_demo.o -lm -msys-lib=m
nios2-elf-insert nios_software.elf --thread_model hal --cpu_name nios2_gen2_0 --qsys true --simulation_enabled false --id 1 --sidp 0x4021060 --timestamp 1525896340 --stderr_dev jtag_uart_0 --stdin_dev jtag_uart_0 --stdout_dev jtag_uart_0 --sopc_system_name nios_system --quartus_project_dir "S:/embedded2/embeded/audiodemo/audiodemoquartus" --jdi ../..//output_files/audiodemo.jdi --sopcinfo S:/embedded2/embeded/audiodemo/audiodemoquartus/software/nios_software_bsp/../../nios_system.sopcinfo
Info: (nios_software.elf) 34 KBytes program size (code + initialized data).
Info:                     22 KBytes free for stack + heap.
Info: Creating nios_software.objdump
nios2-elf-objdump --disassemble --syms --all-header --source nios_software.elf >nios_software.objdump
[nios_software build complete]
18:10:29 **** Incremental Build of configuration Nios II for project nios_software_bsp ****
make all 
[BSP build complete]
18:10:56 **** Incremental Build of configuration Nios II for project nios_software ****
make all 
Info: Building ../nios_software_bsp/
C:/intelFPGA/16.1/nios2eds/bin/gnu/H-x86_64-mingw32/bin/make --no-print-directory -C ../nios_software_bsp/
[BSP build complete]
[nios_software build complete]
18:15:04 **** Incremental Build of configuration Nios II for project nios_software ****
make all 
Info: Building ../nios_software_bsp/
C:/intelFPGA/16.1/nios2eds/bin/gnu/H-x86_64-mingw32/bin/make --no-print-directory -C ../nios_software_bsp/
[BSP build complete]
Info: Compiling audio_demo.c to obj/default/audio_demo.o
nios2-elf-gcc -xc -MP -MMD -c -I../nios_software_bsp//HAL/inc -I../nios_software_bsp/ -I../nios_software_bsp//drivers/inc  -pipe -D__hal__ -DALT_NO_INSTRUCTION_EMULATION -DALT_SINGLE_THREADED    -O0 -g -Wall   -mno-hw-div -mno-hw-mul -mno-hw-mulx -mgpopt=global  -o obj/default/audio_demo.o audio_demo.c
Info: Linking nios_software.elf
nios2-elf-g++  -T'../nios_software_bsp//linker.x' -msys-crt0='../nios_software_bsp//obj/HAL/src/crt0.o' -msys-lib=hal_bsp -L../nios_software_bsp/   -Wl,-Map=nios_software.map   -O0 -g -Wall   -mno-hw-div -mno-hw-mul -mno-hw-mulx -mgpopt=global  -o nios_software.elf obj/default/audio_demo.o -lm -msys-lib=m
nios2-elf-insert nios_software.elf --thread_model hal --cpu_name nios2_gen2_0 --qsys true --simulation_enabled false --id 1 --sidp 0x4021060 --timestamp 1525896340 --stderr_dev jtag_uart_0 --stdin_dev jtag_uart_0 --stdout_dev jtag_uart_0 --sopc_system_name nios_system --quartus_project_dir "S:/embedded2/embeded/audiodemo/audiodemoquartus" --jdi ../..//output_files/audiodemo.jdi --sopcinfo S:/embedded2/embeded/audiodemo/audiodemoquartus/software/nios_software_bsp/../../nios_system.sopcinfo
Info: (nios_software.elf) 34 KBytes program size (code + initialized data).
Info:                     22 KBytes free for stack + heap.
Info: Creating nios_software.objdump
nios2-elf-objdump --disassemble --syms --all-header --source nios_software.elf >nios_software.objdump
[nios_software build complete]
18:15:25 **** Incremental Build of configuration Nios II for project nios_software ****
make all 
Info: Building ../nios_software_bsp/
C:/intelFPGA/16.1/nios2eds/bin/gnu/H-x86_64-mingw32/bin/make --no-print-directory -C ../nios_software_bsp/
[BSP build complete]
Info: Compiling audio_demo.c to obj/default/audio_demo.o
nios2-elf-gcc -xc -MP -MMD -c -I../nios_software_bsp//HAL/inc -I../nios_software_bsp/ -I../nios_software_bsp//drivers/inc  -pipe -D__hal__ -DALT_NO_INSTRUCTION_EMULATION -DALT_SINGLE_THREADED    -O0 -g -Wall   -mno-hw-div -mno-hw-mul -mno-hw-mulx -mgpopt=global  -o obj/default/audio_demo.o audio_demo.c
Info: Linking nios_software.elf
nios2-elf-g++  -T'../nios_software_bsp//linker.x' -msys-crt0='../nios_software_bsp//obj/HAL/src/crt0.o' -msys-lib=hal_bsp -L../nios_software_bsp/   -Wl,-Map=nios_software.map   -O0 -g -Wall   -mno-hw-div -mno-hw-mul -mno-hw-mulx -mgpopt=global  -o nios_software.elf obj/default/audio_demo.o -lm -msys-lib=m
nios2-elf-insert nios_software.elf --thread_model hal --cpu_name nios2_gen2_0 --qsys true --simulation_enabled false --id 1 --sidp 0x4021060 --timestamp 1525896340 --stderr_dev jtag_uart_0 --stdin_dev jtag_uart_0 --stdout_dev jtag_uart_0 --sopc_system_name nios_system --quartus_project_dir "S:/embedded2/embeded/audiodemo/audiodemoquartus" --jdi ../..//output_files/audiodemo.jdi --sopcinfo S:/embedded2/embeded/audiodemo/audiodemoquartus/software/nios_software_bsp/../../nios_system.sopcinfo
Info: (nios_software.elf) 34 KBytes program size (code + initialized data).
Info:                     22 KBytes free for stack + heap.
Info: Creating nios_software.objdump
nios2-elf-objdump --disassemble --syms --all-header --source nios_software.elf >nios_software.objdump
[nios_software build complete]
18:29:04 **** Incremental Build of configuration Nios II for project nios_software ****
make all 
Info: Building ../nios_software_bsp/
C:/intelFPGA/16.1/nios2eds/bin/gnu/H-x86_64-mingw32/bin/make --no-print-directory -C ../nios_software_bsp/
[BSP build complete]
Info: Compiling audio_demo.c to obj/default/audio_demo.o
nios2-elf-gcc -xc -MP -MMD -c -I../nios_software_bsp//HAL/inc -I../nios_software_bsp/ -I../nios_software_bsp//drivers/inc  -pipe -D__hal__ -DALT_NO_INSTRUCTION_EMULATION -DALT_SINGLE_THREADED    -O0 -g -Wall   -mno-hw-div -mno-hw-mul -mno-hw-mulx -mgpopt=global  -o obj/default/audio_demo.o audio_demo.c
Info: Linking nios_software.elf
nios2-elf-g++  -T'../nios_software_bsp//linker.x' -msys-crt0='../nios_software_bsp//obj/HAL/src/crt0.o' -msys-lib=hal_bsp -L../nios_software_bsp/   -Wl,-Map=nios_software.map   -O0 -g -Wall   -mno-hw-div -mno-hw-mul -mno-hw-mulx -mgpopt=global  -o nios_software.elf obj/default/audio_demo.o -lm -msys-lib=m
nios2-elf-insert nios_software.elf --thread_model hal --cpu_name nios2_gen2_0 --qsys true --simulation_enabled false --id 1 --sidp 0x4021060 --timestamp 1525896340 --stderr_dev jtag_uart_0 --stdin_dev jtag_uart_0 --stdout_dev jtag_uart_0 --sopc_system_name nios_system --quartus_project_dir "S:/embedded2/embeded/audiodemo/audiodemoquartus" --jdi ../..//output_files/audiodemo.jdi --sopcinfo S:/embedded2/embeded/audiodemo/audiodemoquartus/software/nios_software_bsp/../../nios_system.sopcinfo
Info: (nios_software.elf) 34 KBytes program size (code + initialized data).
Info:                     22 KBytes free for stack + heap.
Info: Creating nios_software.objdump
nios2-elf-objdump --disassemble --syms --all-header --source nios_software.elf >nios_software.objdump
[nios_software build complete]
18:32:18 **** Incremental Build of configuration Nios II for project nios_software ****
make all 
Info: Building ../nios_software_bsp/
C:/intelFPGA/16.1/nios2eds/bin/gnu/H-x86_64-mingw32/bin/make --no-print-directory -C ../nios_software_bsp/
[BSP build complete]
[nios_software build complete]
18:33:16 **** Incremental Build of configuration Nios II for project nios_software ****
make all 
Info: Building ../nios_software_bsp/
C:/intelFPGA/16.1/nios2eds/bin/gnu/H-x86_64-mingw32/bin/make --no-print-directory -C ../nios_software_bsp/
[BSP build complete]
[nios_software build complete]
18:33:37 **** Incremental Build of configuration Nios II for project nios_software ****
make all 
Info: Building ../nios_software_bsp/
C:/intelFPGA/16.1/nios2eds/bin/gnu/H-x86_64-mingw32/bin/make --no-print-directory -C ../nios_software_bsp/
[BSP build complete]
[nios_software build complete]
18:33:39 **** Incremental Build of configuration Nios II for project nios_software_bsp ****
make all 
[BSP build complete]
18:33:48 **** Incremental Build of configuration Nios II for project nios_software ****
make all 
Info: Building ../nios_software_bsp/
C:/intelFPGA/16.1/nios2eds/bin/gnu/H-x86_64-mingw32/bin/make --no-print-directory -C ../nios_software_bsp/
[BSP build complete]
Info: Compiling audio_demo.c to obj/default/audio_demo.o
nios2-elf-gcc -xc -MP -MMD -c -I../nios_software_bsp//HAL/inc -I../nios_software_bsp/ -I../nios_software_bsp//drivers/inc  -pipe -D__hal__ -DALT_NO_INSTRUCTION_EMULATION -DALT_SINGLE_THREADED    -O0 -g -Wall   -mno-hw-div -mno-hw-mul -mno-hw-mulx -mgpopt=global  -o obj/default/audio_demo.o audio_demo.c
Info: Linking nios_software.elf
nios2-elf-g++  -T'../nios_software_bsp//linker.x' -msys-crt0='../nios_software_bsp//obj/HAL/src/crt0.o' -msys-lib=hal_bsp -L../nios_software_bsp/   -Wl,-Map=nios_software.map   -O0 -g -Wall   -mno-hw-div -mno-hw-mul -mno-hw-mulx -mgpopt=global  -o nios_software.elf obj/default/audio_demo.o -lm -msys-lib=m
nios2-elf-insert nios_software.elf --thread_model hal --cpu_name nios2_gen2_0 --qsys true --simulation_enabled false --id 1 --sidp 0x4021060 --timestamp 1525896340 --stderr_dev jtag_uart_0 --stdin_dev jtag_uart_0 --stdout_dev jtag_uart_0 --sopc_system_name nios_system --quartus_project_dir "S:/embedded2/embeded/audiodemo/audiodemoquartus" --jdi ../..//output_files/audiodemo.jdi --sopcinfo S:/embedded2/embeded/audiodemo/audiodemoquartus/software/nios_software_bsp/../../nios_system.sopcinfo
Info: (nios_software.elf) 34 KBytes program size (code + initialized data).
Info:                     22 KBytes free for stack + heap.
Info: Creating nios_software.objdump
nios2-elf-objdump --disassemble --syms --all-header --source nios_software.elf >nios_software.objdump
[nios_software build complete]
18:36:42 **** Incremental Build of configuration Nios II for project nios_software ****
make all 
Info: Building ../nios_software_bsp/
C:/intelFPGA/16.1/nios2eds/bin/gnu/H-x86_64-mingw32/bin/make --no-print-directory -C ../nios_software_bsp/
[BSP build complete]
Info: Compiling audio_demo.c to obj/default/audio_demo.o
nios2-elf-gcc -xc -MP -MMD -c -I../nios_software_bsp//HAL/inc -I../nios_software_bsp/ -I../nios_software_bsp//drivers/inc  -pipe -D__hal__ -DALT_NO_INSTRUCTION_EMULATION -DALT_SINGLE_THREADED    -O0 -g -Wall   -mno-hw-div -mno-hw-mul -mno-hw-mulx -mgpopt=global  -o obj/default/audio_demo.o audio_demo.c
Info: Linking nios_software.elf
nios2-elf-g++  -T'../nios_software_bsp//linker.x' -msys-crt0='../nios_software_bsp//obj/HAL/src/crt0.o' -msys-lib=hal_bsp -L../nios_software_bsp/   -Wl,-Map=nios_software.map   -O0 -g -Wall   -mno-hw-div -mno-hw-mul -mno-hw-mulx -mgpopt=global  -o nios_software.elf obj/default/audio_demo.o -lm -msys-lib=m
nios2-elf-insert nios_software.elf --thread_model hal --cpu_name nios2_gen2_0 --qsys true --simulation_enabled false --id 1 --sidp 0x4021060 --timestamp 1525896340 --stderr_dev jtag_uart_0 --stdin_dev jtag_uart_0 --stdout_dev jtag_uart_0 --sopc_system_name nios_system --quartus_project_dir "S:/embedded2/embeded/audiodemo/audiodemoquartus" --jdi ../..//output_files/audiodemo.jdi --sopcinfo S:/embedded2/embeded/audiodemo/audiodemoquartus/software/nios_software_bsp/../../nios_system.sopcinfo
Info: (nios_software.elf) 34 KBytes program size (code + initialized data).
Info:                     22 KBytes free for stack + heap.
Info: Creating nios_software.objdump
nios2-elf-objdump --disassemble --syms --all-header --source nios_software.elf >nios_software.objdump
[nios_software build complete]
19:46:04 **** Build of configuration Nios II for project nios_software ****
make all 
Info: Building ../nios_software_bsp/
C:/intelFPGA/16.1/nios2eds/bin/gnu/H-x86_64-mingw32/bin/make --no-print-directory -C ../nios_software_bsp/
[BSP build complete]
[nios_software build complete]
19:46:06 **** Build of configuration Nios II for project nios_software_bsp ****
make all 
[BSP build complete]
