Info: Starting: Create block symbol file (.bsf)
Info: qsys-generate S:\Embedded\custom_Instn_demo\nios2\nios_system.qsys --block-symbol-file --output-directory=S:\Embedded\custom_Instn_demo\nios2 --family="Cyclone V" --part=5CSEMA5F31C6
Progress: Loading nios2/nios_system.qsys
Progress: Reading input file
Progress: Adding jtag_uart_0 [altera_avalon_jtag_uart 16.1]
Progress: Parameterizing module jtag_uart_0
Progress: Adding ledr [altera_avalon_pio 16.1]
Progress: Parameterizing module ledr
Progress: Adding new_sdram_controller_0 [altera_avalon_new_sdram_controller 16.1]
Progress: Parameterizing module new_sdram_controller_0
Progress: Adding nios2_gen2_0 [altera_nios2_gen2 16.1]
Progress: Parameterizing module nios2_gen2_0
Progress: Adding switches [altera_avalon_pio 16.1]
Progress: Parameterizing module switches
Progress: Adding sys_sdram_pll_0 [altera_up_avalon_sys_sdram_pll 16.1]
Progress: Parameterizing module sys_sdram_pll_0
Progress: Adding sysid_qsys_0 [altera_avalon_sysid_qsys 16.1]
Progress: Parameterizing module sysid_qsys_0
Progress: Adding timer_0 [altera_avalon_timer 16.1]
Progress: Parameterizing module timer_0
Progress: Building connections
Progress: Parameterizing connections
Progress: Validating
Progress: Done reading input file
Info: nios_system.jtag_uart_0: JTAG UART IP input clock need to be at least double (2x) the operating frequency of JTAG TCK on board
Info: nios_system.new_sdram_controller_0: SDRAM Controller will only be supported in Quartus Prime Standard Edition in the future release.
Info: nios_system.switches: PIO inputs are not hardwired in test bench. Undefined values will be read from PIO inputs during simulation.
Info: nios_system.sysid_qsys_0: System ID is not assigned automatically. Edit the System ID parameter to provide a unique ID
Info: nios_system.sysid_qsys_0: Time stamp will be automatically updated when this component is generated.
Info: qsys-generate succeeded.
Info: Finished: Create block symbol file (.bsf)
Info: 
Info: Starting: Create HDL design files for synthesis
Info: qsys-generate S:\Embedded\custom_Instn_demo\nios2\nios_system.qsys --synthesis=VHDL --output-directory=S:\Embedded\custom_Instn_demo\nios2\synthesis --family="Cyclone V" --part=5CSEMA5F31C6
Progress: Loading nios2/nios_system.qsys
Progress: Reading input file
Progress: Adding jtag_uart_0 [altera_avalon_jtag_uart 16.1]
Progress: Parameterizing module jtag_uart_0
Progress: Adding ledr [altera_avalon_pio 16.1]
Progress: Parameterizing module ledr
Progress: Adding new_sdram_controller_0 [altera_avalon_new_sdram_controller 16.1]
Progress: Parameterizing module new_sdram_controller_0
Progress: Adding nios2_gen2_0 [altera_nios2_gen2 16.1]
Progress: Parameterizing module nios2_gen2_0
Progress: Adding switches [altera_avalon_pio 16.1]
Progress: Parameterizing module switches
Progress: Adding sys_sdram_pll_0 [altera_up_avalon_sys_sdram_pll 16.1]
Progress: Parameterizing module sys_sdram_pll_0
Progress: Adding sysid_qsys_0 [altera_avalon_sysid_qsys 16.1]
Progress: Parameterizing module sysid_qsys_0
Progress: Adding timer_0 [altera_avalon_timer 16.1]
Progress: Parameterizing module timer_0
Progress: Building connections
Progress: Parameterizing connections
Progress: Validating
Progress: Done reading input file
Info: nios_system.jtag_uart_0: JTAG UART IP input clock need to be at least double (2x) the operating frequency of JTAG TCK on board
Info: nios_system.new_sdram_controller_0: SDRAM Controller will only be supported in Quartus Prime Standard Edition in the future release.
Info: nios_system.switches: PIO inputs are not hardwired in test bench. Undefined values will be read from PIO inputs during simulation.
Info: nios_system.sysid_qsys_0: System ID is not assigned automatically. Edit the System ID parameter to provide a unique ID
Info: nios_system.sysid_qsys_0: Time stamp will be automatically updated when this component is generated.
Info: nios_system: Generating nios_system "nios_system" for QUARTUS_SYNTH
Info: jtag_uart_0: Starting RTL generation for module 'nios_system_jtag_uart_0'
Info: jtag_uart_0:   Generation command is [exec C:/intelfpga/16.1/quartus/bin64/perl/bin/perl.exe -I C:/intelfpga/16.1/quartus/bin64/perl/lib -I C:/intelfpga/16.1/quartus/sopc_builder/bin/europa -I C:/intelfpga/16.1/quartus/sopc_builder/bin/perl_lib -I C:/intelfpga/16.1/quartus/sopc_builder/bin -I C:/intelfpga/16.1/quartus/../ip/altera/sopc_builder_ip/common -I C:/intelfpga/16.1/quartus/../ip/altera/sopc_builder_ip/altera_avalon_jtag_uart -- C:/intelfpga/16.1/quartus/../ip/altera/sopc_builder_ip/altera_avalon_jtag_uart/generate_rtl.pl --name=nios_system_jtag_uart_0 --dir=C:/Users/mas5058/AppData/Local/Temp/alt7616_442026873105623978.dir/0161_jtag_uart_0_gen/ --quartus_dir=C:/intelfpga/16.1/quartus --verilog --config=C:/Users/mas5058/AppData/Local/Temp/alt7616_442026873105623978.dir/0161_jtag_uart_0_gen//nios_system_jtag_uart_0_component_configuration.pl  --do_build_sim=0  ]
Info: jtag_uart_0: Done RTL generation for module 'nios_system_jtag_uart_0'
Info: jtag_uart_0: "nios_system" instantiated altera_avalon_jtag_uart "jtag_uart_0"
Info: ledr: Starting RTL generation for module 'nios_system_ledr'
Info: ledr:   Generation command is [exec C:/intelfpga/16.1/quartus/bin64/perl/bin/perl.exe -I C:/intelfpga/16.1/quartus/bin64/perl/lib -I C:/intelfpga/16.1/quartus/sopc_builder/bin/europa -I C:/intelfpga/16.1/quartus/sopc_builder/bin/perl_lib -I C:/intelfpga/16.1/quartus/sopc_builder/bin -I C:/intelfpga/16.1/quartus/../ip/altera/sopc_builder_ip/common -I C:/intelfpga/16.1/quartus/../ip/altera/sopc_builder_ip/altera_avalon_pio -- C:/intelfpga/16.1/quartus/../ip/altera/sopc_builder_ip/altera_avalon_pio/generate_rtl.pl --name=nios_system_ledr --dir=C:/Users/mas5058/AppData/Local/Temp/alt7616_442026873105623978.dir/0162_ledr_gen/ --quartus_dir=C:/intelfpga/16.1/quartus --verilog --config=C:/Users/mas5058/AppData/Local/Temp/alt7616_442026873105623978.dir/0162_ledr_gen//nios_system_ledr_component_configuration.pl  --do_build_sim=0  ]
Info: ledr: Done RTL generation for module 'nios_system_ledr'
Info: ledr: "nios_system" instantiated altera_avalon_pio "ledr"
Info: new_sdram_controller_0: Starting RTL generation for module 'nios_system_new_sdram_controller_0'
Info: new_sdram_controller_0:   Generation command is [exec C:/intelfpga/16.1/quartus/bin64/perl/bin/perl.exe -I C:/intelfpga/16.1/quartus/bin64/perl/lib -I C:/intelfpga/16.1/quartus/sopc_builder/bin/europa -I C:/intelfpga/16.1/quartus/sopc_builder/bin/perl_lib -I C:/intelfpga/16.1/quartus/sopc_builder/bin -I C:/intelfpga/16.1/quartus/../ip/altera/sopc_builder_ip/common -I C:/intelfpga/16.1/quartus/../ip/altera/sopc_builder_ip/altera_avalon_new_sdram_controller -- C:/intelfpga/16.1/quartus/../ip/altera/sopc_builder_ip/altera_avalon_new_sdram_controller/generate_rtl.pl --name=nios_system_new_sdram_controller_0 --dir=C:/Users/mas5058/AppData/Local/Temp/alt7616_442026873105623978.dir/0163_new_sdram_controller_0_gen/ --quartus_dir=C:/intelfpga/16.1/quartus --verilog --config=C:/Users/mas5058/AppData/Local/Temp/alt7616_442026873105623978.dir/0163_new_sdram_controller_0_gen//nios_system_new_sdram_controller_0_component_configuration.pl  --do_build_sim=0  ]
Info: new_sdram_controller_0: Done RTL generation for module 'nios_system_new_sdram_controller_0'
Info: new_sdram_controller_0: "nios_system" instantiated altera_avalon_new_sdram_controller "new_sdram_controller_0"
Info: nios2_gen2_0: "nios_system" instantiated altera_nios2_gen2 "nios2_gen2_0"
Info: switches: Starting RTL generation for module 'nios_system_switches'
Info: switches:   Generation command is [exec C:/intelfpga/16.1/quartus/bin64/perl/bin/perl.exe -I C:/intelfpga/16.1/quartus/bin64/perl/lib -I C:/intelfpga/16.1/quartus/sopc_builder/bin/europa -I C:/intelfpga/16.1/quartus/sopc_builder/bin/perl_lib -I C:/intelfpga/16.1/quartus/sopc_builder/bin -I C:/intelfpga/16.1/quartus/../ip/altera/sopc_builder_ip/common -I C:/intelfpga/16.1/quartus/../ip/altera/sopc_builder_ip/altera_avalon_pio -- C:/intelfpga/16.1/quartus/../ip/altera/sopc_builder_ip/altera_avalon_pio/generate_rtl.pl --name=nios_system_switches --dir=C:/Users/mas5058/AppData/Local/Temp/alt7616_442026873105623978.dir/0164_switches_gen/ --quartus_dir=C:/intelfpga/16.1/quartus --verilog --config=C:/Users/mas5058/AppData/Local/Temp/alt7616_442026873105623978.dir/0164_switches_gen//nios_system_switches_component_configuration.pl  --do_build_sim=0  ]
Info: switches: Done RTL generation for module 'nios_system_switches'
Info: switches: "nios_system" instantiated altera_avalon_pio "switches"
Info: sys_sdram_pll_0: "nios_system" instantiated altera_up_avalon_sys_sdram_pll "sys_sdram_pll_0"
Info: sysid_qsys_0: "nios_system" instantiated altera_avalon_sysid_qsys "sysid_qsys_0"
Info: timer_0: Starting RTL generation for module 'nios_system_timer_0'
Info: timer_0:   Generation command is [exec C:/intelFPGA/16.1/quartus/bin64//perl/bin/perl.exe -I C:/intelFPGA/16.1/quartus/bin64//perl/lib -I C:/intelfpga/16.1/quartus/sopc_builder/bin/europa -I C:/intelfpga/16.1/quartus/sopc_builder/bin/perl_lib -I C:/intelfpga/16.1/quartus/sopc_builder/bin -I C:/intelfpga/16.1/quartus/../ip/altera/sopc_builder_ip/common -I C:/intelfpga/16.1/quartus/../ip/altera/sopc_builder_ip/altera_avalon_timer -- C:/intelfpga/16.1/quartus/../ip/altera/sopc_builder_ip/altera_avalon_timer/generate_rtl.pl --name=nios_system_timer_0 --dir=C:/Users/mas5058/AppData/Local/Temp/alt7616_442026873105623978.dir/0166_timer_0_gen/ --quartus_dir=C:/intelfpga/16.1/quartus --verilog --config=C:/Users/mas5058/AppData/Local/Temp/alt7616_442026873105623978.dir/0166_timer_0_gen//nios_system_timer_0_component_configuration.pl  --do_build_sim=0  ]
Info: timer_0: Done RTL generation for module 'nios_system_timer_0'
Info: timer_0: "nios_system" instantiated altera_avalon_timer "timer_0"
Info: avalon_st_adapter: Inserting error_adapter: error_adapter_0
Info: avalon_st_adapter_001: Inserting error_adapter: error_adapter_0
Info: avalon_st_adapter_002: Inserting error_adapter: error_adapter_0
Info: avalon_st_adapter_003: Inserting error_adapter: error_adapter_0
Info: avalon_st_adapter_004: Inserting error_adapter: error_adapter_0
Info: avalon_st_adapter_005: Inserting error_adapter: error_adapter_0
Info: avalon_st_adapter_006: Inserting error_adapter: error_adapter_0
Info: mm_interconnect_0: "nios_system" instantiated altera_mm_interconnect "mm_interconnect_0"
Info: irq_mapper: "nios_system" instantiated altera_irq_mapper "irq_mapper"
Info: rst_controller: "nios_system" instantiated altera_reset_controller "rst_controller"
Info: cpu: Starting RTL generation for module 'nios_system_nios2_gen2_0_cpu'
Info: cpu:   Generation command is [exec C:/intelFPGA/16.1/quartus/bin64//eperlcmd.exe -I C:/intelFPGA/16.1/quartus/bin64//perl/lib -I C:/intelfpga/16.1/quartus/sopc_builder/bin/europa -I C:/intelfpga/16.1/quartus/sopc_builder/bin/perl_lib -I C:/intelfpga/16.1/quartus/sopc_builder/bin -I C:/intelfpga/16.1/quartus/../ip/altera/nios2_ip/altera_nios2_gen2/cpu_lib -I C:/intelfpga/16.1/quartus/../ip/altera/nios2_ip/altera_nios2_gen2/nios_lib -I C:/intelfpga/16.1/quartus/../ip/altera/nios2_ip/altera_nios2_gen2 -I C:/intelfpga/16.1/quartus/../ip/altera/nios2_ip/altera_nios2_gen2 -- C:/intelfpga/16.1/quartus/../ip/altera/nios2_ip/altera_nios2_gen2/generate_rtl.epl --name=nios_system_nios2_gen2_0_cpu --dir=C:/Users/mas5058/AppData/Local/Temp/alt7616_442026873105623978.dir/0169_cpu_gen/ --quartus_bindir=C:/intelFPGA/16.1/quartus/bin64/ --verilog --config=C:/Users/mas5058/AppData/Local/Temp/alt7616_442026873105623978.dir/0169_cpu_gen//nios_system_nios2_gen2_0_cpu_processor_configuration.pl  --do_build_sim=0  ]
Info: cpu: # 2018.03.26 16:27:34 (*) Starting Nios II generation
Info: cpu: # 2018.03.26 16:27:34 (*)   Checking for plaintext license.
Info: cpu: # 2018.03.26 16:27:35 (*)   Couldn't query license setup in Quartus directory C:/intelFPGA/16.1/quartus/bin64/
Info: cpu: # 2018.03.26 16:27:35 (*)   Defaulting to contents of LM_LICENSE_FILE environment variable
Info: cpu: # 2018.03.26 16:27:35 (*)   Plaintext license not found.
Info: cpu: # 2018.03.26 16:27:35 (*)   No license required to generate encrypted Nios II/e.
Info: cpu: # 2018.03.26 16:27:35 (*)   Elaborating CPU configuration settings
Info: cpu: # 2018.03.26 16:27:35 (*)   Creating all objects for CPU
Info: cpu: # 2018.03.26 16:27:36 (*)   Generating RTL from CPU objects
Info: cpu: # 2018.03.26 16:27:36 (*)   Creating plain-text RTL
Info: cpu: # 2018.03.26 16:27:36 (*) Done Nios II generation
Info: cpu: Done RTL generation for module 'nios_system_nios2_gen2_0_cpu'
Info: cpu: "nios2_gen2_0" instantiated altera_nios2_gen2_unit "cpu"
Info: sys_pll: "sys_sdram_pll_0" instantiated altera_pll "sys_pll"
Info: reset_from_locked: "sys_sdram_pll_0" instantiated altera_up_avalon_reset_from_locked_signal "reset_from_locked"
Info: nios2_gen2_0_data_master_translator: "mm_interconnect_0" instantiated altera_merlin_master_translator "nios2_gen2_0_data_master_translator"
Info: jtag_uart_0_avalon_jtag_slave_translator: "mm_interconnect_0" instantiated altera_merlin_slave_translator "jtag_uart_0_avalon_jtag_slave_translator"
Info: nios2_gen2_0_data_master_agent: "mm_interconnect_0" instantiated altera_merlin_master_agent "nios2_gen2_0_data_master_agent"
Info: jtag_uart_0_avalon_jtag_slave_agent: "mm_interconnect_0" instantiated altera_merlin_slave_agent "jtag_uart_0_avalon_jtag_slave_agent"
Info: jtag_uart_0_avalon_jtag_slave_agent_rsp_fifo: "mm_interconnect_0" instantiated altera_avalon_sc_fifo "jtag_uart_0_avalon_jtag_slave_agent_rsp_fifo"
Info: router: "mm_interconnect_0" instantiated altera_merlin_router "router"
Info: router_001: "mm_interconnect_0" instantiated altera_merlin_router "router_001"
Info: router_002: "mm_interconnect_0" instantiated altera_merlin_router "router_002"
Info: router_003: "mm_interconnect_0" instantiated altera_merlin_router "router_003"
Info: router_006: "mm_interconnect_0" instantiated altera_merlin_router "router_006"
Info: new_sdram_controller_0_s1_burst_adapter: "mm_interconnect_0" instantiated altera_merlin_burst_adapter "new_sdram_controller_0_s1_burst_adapter"
Info: cmd_demux: "mm_interconnect_0" instantiated altera_merlin_demultiplexer "cmd_demux"
Info: cmd_demux_001: "mm_interconnect_0" instantiated altera_merlin_demultiplexer "cmd_demux_001"
Info: cmd_mux: "mm_interconnect_0" instantiated altera_merlin_multiplexer "cmd_mux"
Info: cmd_mux_001: "mm_interconnect_0" instantiated altera_merlin_multiplexer "cmd_mux_001"
Info: Reusing file S:/Embedded/custom_Instn_demo/nios2/synthesis/submodules/altera_merlin_arbitrator.sv
Info: rsp_demux: "mm_interconnect_0" instantiated altera_merlin_demultiplexer "rsp_demux"
Info: rsp_demux_001: "mm_interconnect_0" instantiated altera_merlin_demultiplexer "rsp_demux_001"
Info: rsp_mux: "mm_interconnect_0" instantiated altera_merlin_multiplexer "rsp_mux"
Info: Reusing file S:/Embedded/custom_Instn_demo/nios2/synthesis/submodules/altera_merlin_arbitrator.sv
Info: rsp_mux_001: "mm_interconnect_0" instantiated altera_merlin_multiplexer "rsp_mux_001"
Info: Reusing file S:/Embedded/custom_Instn_demo/nios2/synthesis/submodules/altera_merlin_arbitrator.sv
Info: new_sdram_controller_0_s1_rsp_width_adapter: "mm_interconnect_0" instantiated altera_merlin_width_adapter "new_sdram_controller_0_s1_rsp_width_adapter"
Info: Reusing file S:/Embedded/custom_Instn_demo/nios2/synthesis/submodules/altera_merlin_address_alignment.sv
Info: Reusing file S:/Embedded/custom_Instn_demo/nios2/synthesis/submodules/altera_merlin_burst_uncompressor.sv
Info: avalon_st_adapter: "mm_interconnect_0" instantiated altera_avalon_st_adapter "avalon_st_adapter"
Info: avalon_st_adapter_004: "mm_interconnect_0" instantiated altera_avalon_st_adapter "avalon_st_adapter_004"
Info: error_adapter_0: "avalon_st_adapter" instantiated error_adapter "error_adapter_0"
Info: error_adapter_0: "avalon_st_adapter_004" instantiated error_adapter "error_adapter_0"
Info: nios_system: Done "nios_system" with 39 modules, 61 files
Info: qsys-generate succeeded.
Info: Finished: Create HDL design files for synthesis
