Info: Starting: Create block symbol file (.bsf)
Info: qsys-generate S:\Embedded\cacheDemo\niosSystem.qsys --block-symbol-file --output-directory=S:\Embedded\cacheDemo\niosSystem --family="Cyclone V" --part=5CSEMA5F31C6
Progress: Loading cacheDemo/niosSystem.qsys
Progress: Reading input file
Progress: Adding clk_0 [clock_source 16.1]
Progress: Parameterizing module clk_0
Progress: Adding jtag_uart_0 [altera_avalon_jtag_uart 16.1]
Progress: Parameterizing module jtag_uart_0
Progress: Adding leds [altera_avalon_pio 16.1]
Progress: Parameterizing module leds
Progress: Adding nios2_gen2_0 [altera_nios2_gen2 16.1]
Progress: Parameterizing module nios2_gen2_0
Progress: Adding onchip_memory2_0 [altera_avalon_onchip_memory2 16.1]
Progress: Parameterizing module onchip_memory2_0
Progress: Adding switches [altera_avalon_pio 16.1]
Progress: Parameterizing module switches
Progress: Adding sysid_qsys_0 [altera_avalon_sysid_qsys 16.1]
Progress: Parameterizing module sysid_qsys_0
Progress: Building connections
Progress: Parameterizing connections
Progress: Validating
Progress: Done reading input file
Info: niosSystem.jtag_uart_0: JTAG UART IP input clock need to be at least double (2x) the operating frequency of JTAG TCK on board
Info: niosSystem.switches: PIO inputs are not hardwired in test bench. Undefined values will be read from PIO inputs during simulation.
Info: niosSystem.sysid_qsys_0: System ID is not assigned automatically. Edit the System ID parameter to provide a unique ID
Info: niosSystem.sysid_qsys_0: Time stamp will be automatically updated when this component is generated.
Warning: niosSystem.jtag_uart_0: jtag_uart_0.avalon_jtag_slave must be connected to an Avalon-MM master
Warning: niosSystem.sysid_qsys_0: sysid_qsys_0.control_slave must be connected to an Avalon-MM master
Info: qsys-generate succeeded.
Info: Finished: Create block symbol file (.bsf)
Info: 
Info: Starting: Create HDL design files for synthesis
Info: qsys-generate S:\Embedded\cacheDemo\niosSystem.qsys --synthesis=VHDL --output-directory=S:\Embedded\cacheDemo\niosSystem\synthesis --family="Cyclone V" --part=5CSEMA5F31C6
Progress: Loading cacheDemo/niosSystem.qsys
Progress: Reading input file
Progress: Adding clk_0 [clock_source 16.1]
Progress: Parameterizing module clk_0
Progress: Adding jtag_uart_0 [altera_avalon_jtag_uart 16.1]
Progress: Parameterizing module jtag_uart_0
Progress: Adding leds [altera_avalon_pio 16.1]
Progress: Parameterizing module leds
Progress: Adding nios2_gen2_0 [altera_nios2_gen2 16.1]
Progress: Parameterizing module nios2_gen2_0
Progress: Adding onchip_memory2_0 [altera_avalon_onchip_memory2 16.1]
Progress: Parameterizing module onchip_memory2_0
Progress: Adding switches [altera_avalon_pio 16.1]
Progress: Parameterizing module switches
Progress: Adding sysid_qsys_0 [altera_avalon_sysid_qsys 16.1]
Progress: Parameterizing module sysid_qsys_0
Progress: Building connections
Progress: Parameterizing connections
Progress: Validating
Progress: Done reading input file
Info: niosSystem.jtag_uart_0: JTAG UART IP input clock need to be at least double (2x) the operating frequency of JTAG TCK on board
Info: niosSystem.switches: PIO inputs are not hardwired in test bench. Undefined values will be read from PIO inputs during simulation.
Info: niosSystem.sysid_qsys_0: System ID is not assigned automatically. Edit the System ID parameter to provide a unique ID
Info: niosSystem.sysid_qsys_0: Time stamp will be automatically updated when this component is generated.
Warning: niosSystem.jtag_uart_0: jtag_uart_0.avalon_jtag_slave must be connected to an Avalon-MM master
Warning: niosSystem.sysid_qsys_0: sysid_qsys_0.control_slave must be connected to an Avalon-MM master
Info: niosSystem: Generating niosSystem "niosSystem" for QUARTUS_SYNTH
Info: jtag_uart_0: Starting RTL generation for module 'niosSystem_jtag_uart_0'
Info: jtag_uart_0:   Generation command is [exec C:/intelfpga/16.1/quartus/bin64/perl/bin/perl.exe -I C:/intelfpga/16.1/quartus/bin64/perl/lib -I C:/intelfpga/16.1/quartus/sopc_builder/bin/europa -I C:/intelfpga/16.1/quartus/sopc_builder/bin/perl_lib -I C:/intelfpga/16.1/quartus/sopc_builder/bin -I C:/intelfpga/16.1/quartus/../ip/altera/sopc_builder_ip/common -I C:/intelfpga/16.1/quartus/../ip/altera/sopc_builder_ip/altera_avalon_jtag_uart -- C:/intelfpga/16.1/quartus/../ip/altera/sopc_builder_ip/altera_avalon_jtag_uart/generate_rtl.pl --name=niosSystem_jtag_uart_0 --dir=C:/Users/mas5058/AppData/Local/Temp/alt7644_2195908236670286245.dir/0001_jtag_uart_0_gen/ --quartus_dir=C:/intelfpga/16.1/quartus --verilog --config=C:/Users/mas5058/AppData/Local/Temp/alt7644_2195908236670286245.dir/0001_jtag_uart_0_gen//niosSystem_jtag_uart_0_component_configuration.pl  --do_build_sim=0  ]
Info: jtag_uart_0: Done RTL generation for module 'niosSystem_jtag_uart_0'
Info: jtag_uart_0: "niosSystem" instantiated altera_avalon_jtag_uart "jtag_uart_0"
Info: leds: Starting RTL generation for module 'niosSystem_leds'
Info: leds:   Generation command is [exec C:/intelfpga/16.1/quartus/bin64/perl/bin/perl.exe -I C:/intelfpga/16.1/quartus/bin64/perl/lib -I C:/intelfpga/16.1/quartus/sopc_builder/bin/europa -I C:/intelfpga/16.1/quartus/sopc_builder/bin/perl_lib -I C:/intelfpga/16.1/quartus/sopc_builder/bin -I C:/intelfpga/16.1/quartus/../ip/altera/sopc_builder_ip/common -I C:/intelfpga/16.1/quartus/../ip/altera/sopc_builder_ip/altera_avalon_pio -- C:/intelfpga/16.1/quartus/../ip/altera/sopc_builder_ip/altera_avalon_pio/generate_rtl.pl --name=niosSystem_leds --dir=C:/Users/mas5058/AppData/Local/Temp/alt7644_2195908236670286245.dir/0002_leds_gen/ --quartus_dir=C:/intelfpga/16.1/quartus --verilog --config=C:/Users/mas5058/AppData/Local/Temp/alt7644_2195908236670286245.dir/0002_leds_gen//niosSystem_leds_component_configuration.pl  --do_build_sim=0  ]
Info: leds: Done RTL generation for module 'niosSystem_leds'
Info: leds: "niosSystem" instantiated altera_avalon_pio "leds"
Info: nios2_gen2_0: "niosSystem" instantiated altera_nios2_gen2 "nios2_gen2_0"
Info: onchip_memory2_0: Starting RTL generation for module 'niosSystem_onchip_memory2_0'
Info: onchip_memory2_0:   Generation command is [exec C:/intelfpga/16.1/quartus/bin64/perl/bin/perl.exe -I C:/intelfpga/16.1/quartus/bin64/perl/lib -I C:/intelfpga/16.1/quartus/sopc_builder/bin/europa -I C:/intelfpga/16.1/quartus/sopc_builder/bin/perl_lib -I C:/intelfpga/16.1/quartus/sopc_builder/bin -I C:/intelfpga/16.1/quartus/../ip/altera/sopc_builder_ip/common -I C:/intelfpga/16.1/quartus/../ip/altera/sopc_builder_ip/altera_avalon_onchip_memory2 -- C:/intelfpga/16.1/quartus/../ip/altera/sopc_builder_ip/altera_avalon_onchip_memory2/generate_rtl.pl --name=niosSystem_onchip_memory2_0 --dir=C:/Users/mas5058/AppData/Local/Temp/alt7644_2195908236670286245.dir/0003_onchip_memory2_0_gen/ --quartus_dir=C:/intelfpga/16.1/quartus --verilog --config=C:/Users/mas5058/AppData/Local/Temp/alt7644_2195908236670286245.dir/0003_onchip_memory2_0_gen//niosSystem_onchip_memory2_0_component_configuration.pl  --do_build_sim=0  ]
Info: onchip_memory2_0: Done RTL generation for module 'niosSystem_onchip_memory2_0'
Info: onchip_memory2_0: "niosSystem" instantiated altera_avalon_onchip_memory2 "onchip_memory2_0"
Info: switches: Starting RTL generation for module 'niosSystem_switches'
Info: switches:   Generation command is [exec C:/intelfpga/16.1/quartus/bin64/perl/bin/perl.exe -I C:/intelfpga/16.1/quartus/bin64/perl/lib -I C:/intelfpga/16.1/quartus/sopc_builder/bin/europa -I C:/intelfpga/16.1/quartus/sopc_builder/bin/perl_lib -I C:/intelfpga/16.1/quartus/sopc_builder/bin -I C:/intelfpga/16.1/quartus/../ip/altera/sopc_builder_ip/common -I C:/intelfpga/16.1/quartus/../ip/altera/sopc_builder_ip/altera_avalon_pio -- C:/intelfpga/16.1/quartus/../ip/altera/sopc_builder_ip/altera_avalon_pio/generate_rtl.pl --name=niosSystem_switches --dir=C:/Users/mas5058/AppData/Local/Temp/alt7644_2195908236670286245.dir/0004_switches_gen/ --quartus_dir=C:/intelfpga/16.1/quartus --verilog --config=C:/Users/mas5058/AppData/Local/Temp/alt7644_2195908236670286245.dir/0004_switches_gen//niosSystem_switches_component_configuration.pl  --do_build_sim=0  ]
Info: switches: Done RTL generation for module 'niosSystem_switches'
Info: switches: "niosSystem" instantiated altera_avalon_pio "switches"
Info: sysid_qsys_0: "niosSystem" instantiated altera_avalon_sysid_qsys "sysid_qsys_0"
Info: avalon_st_adapter: Inserting error_adapter: error_adapter_0
Info: avalon_st_adapter_001: Inserting error_adapter: error_adapter_0
Info: avalon_st_adapter_002: Inserting error_adapter: error_adapter_0
Info: avalon_st_adapter_003: Inserting error_adapter: error_adapter_0
Info: mm_interconnect_0: "niosSystem" instantiated altera_mm_interconnect "mm_interconnect_0"
Info: irq_mapper: "niosSystem" instantiated altera_irq_mapper "irq_mapper"
Info: rst_controller: "niosSystem" instantiated altera_reset_controller "rst_controller"
Info: cpu: Starting RTL generation for module 'niosSystem_nios2_gen2_0_cpu'
Info: cpu:   Generation command is [exec C:/intelFPGA/16.1/quartus/bin64//eperlcmd.exe -I C:/intelFPGA/16.1/quartus/bin64//perl/lib -I C:/intelfpga/16.1/quartus/sopc_builder/bin/europa -I C:/intelfpga/16.1/quartus/sopc_builder/bin/perl_lib -I C:/intelfpga/16.1/quartus/sopc_builder/bin -I C:/intelfpga/16.1/quartus/../ip/altera/nios2_ip/altera_nios2_gen2/cpu_lib -I C:/intelfpga/16.1/quartus/../ip/altera/nios2_ip/altera_nios2_gen2/nios_lib -I C:/intelfpga/16.1/quartus/../ip/altera/nios2_ip/altera_nios2_gen2 -I C:/intelfpga/16.1/quartus/../ip/altera/nios2_ip/altera_nios2_gen2 -- C:/intelfpga/16.1/quartus/../ip/altera/nios2_ip/altera_nios2_gen2/generate_rtl.epl --name=niosSystem_nios2_gen2_0_cpu --dir=C:/Users/mas5058/AppData/Local/Temp/alt7644_2195908236670286245.dir/0008_cpu_gen/ --quartus_bindir=C:/intelFPGA/16.1/quartus/bin64/ --verilog --config=C:/Users/mas5058/AppData/Local/Temp/alt7644_2195908236670286245.dir/0008_cpu_gen//niosSystem_nios2_gen2_0_cpu_processor_configuration.pl  --do_build_sim=0  ]
Info: cpu: # 2018.04.23 15:44:50 (*) Starting Nios II generation
Info: cpu: # 2018.04.23 15:44:50 (*)   Checking for plaintext license.
Info: cpu: # 2018.04.23 15:44:50 (*)   Couldn't query license setup in Quartus directory C:/intelFPGA/16.1/quartus/bin64/
Info: cpu: # 2018.04.23 15:44:50 (*)   Defaulting to contents of LM_LICENSE_FILE environment variable
Info: cpu: # 2018.04.23 15:44:50 (*)   Plaintext license not found.
Info: cpu: # 2018.04.23 15:44:50 (*)   Checking for encrypted license (non-evaluation).
Info: cpu: # 2018.04.23 15:44:51 (*)   Couldn't query license setup in Quartus directory C:/intelFPGA/16.1/quartus/bin64/
Info: cpu: # 2018.04.23 15:44:51 (*)   Defaulting to contents of LM_LICENSE_FILE environment variable
Info: cpu: # 2018.04.23 15:44:51 (*)   Encrypted license found.  SOF will not be time-limited.
Info: cpu: # 2018.04.23 15:44:51 (*)   Elaborating CPU configuration settings
Info: cpu: # 2018.04.23 15:44:51 (*)   Creating all objects for CPU
Info: cpu: # 2018.04.23 15:44:51 (*)     Testbench
Info: cpu: # 2018.04.23 15:44:51 (*)     Instruction decoding
Info: cpu: # 2018.04.23 15:44:51 (*)       Instruction fields
Info: cpu: # 2018.04.23 15:44:51 (*)       Instruction decodes
Info: cpu: # 2018.04.23 15:44:52 (*)       Signals for RTL simulation waveforms
Info: cpu: # 2018.04.23 15:44:52 (*)       Instruction controls
Info: cpu: # 2018.04.23 15:44:52 (*)     Pipeline frontend
Info: cpu: # 2018.04.23 15:44:52 (*)     Pipeline backend
Info: cpu: # 2018.04.23 15:44:53 (*)   Generating RTL from CPU objects
Info: cpu: # 2018.04.23 15:44:54 (*)   Creating encrypted RTL
Info: cpu: # 2018.04.23 15:44:55 (*) Done Nios II generation
Info: cpu: Done RTL generation for module 'niosSystem_nios2_gen2_0_cpu'
Info: cpu: "nios2_gen2_0" instantiated altera_nios2_gen2_unit "cpu"
Info: nios2_gen2_0_data_master_translator: "mm_interconnect_0" instantiated altera_merlin_master_translator "nios2_gen2_0_data_master_translator"
Info: nios2_gen2_0_debug_mem_slave_translator: "mm_interconnect_0" instantiated altera_merlin_slave_translator "nios2_gen2_0_debug_mem_slave_translator"
Info: nios2_gen2_0_data_master_agent: "mm_interconnect_0" instantiated altera_merlin_master_agent "nios2_gen2_0_data_master_agent"
Info: nios2_gen2_0_debug_mem_slave_agent: "mm_interconnect_0" instantiated altera_merlin_slave_agent "nios2_gen2_0_debug_mem_slave_agent"
Info: nios2_gen2_0_debug_mem_slave_agent_rsp_fifo: "mm_interconnect_0" instantiated altera_avalon_sc_fifo "nios2_gen2_0_debug_mem_slave_agent_rsp_fifo"
Info: router: "mm_interconnect_0" instantiated altera_merlin_router "router"
Info: router_001: "mm_interconnect_0" instantiated altera_merlin_router "router_001"
Info: router_002: "mm_interconnect_0" instantiated altera_merlin_router "router_002"
Info: router_004: "mm_interconnect_0" instantiated altera_merlin_router "router_004"
Info: nios2_gen2_0_instruction_master_limiter: "mm_interconnect_0" instantiated altera_merlin_traffic_limiter "nios2_gen2_0_instruction_master_limiter"
Info: Reusing file S:/Embedded/cacheDemo/niosSystem/synthesis/submodules/altera_avalon_sc_fifo.v
Info: cmd_demux: "mm_interconnect_0" instantiated altera_merlin_demultiplexer "cmd_demux"
Info: cmd_demux_001: "mm_interconnect_0" instantiated altera_merlin_demultiplexer "cmd_demux_001"
Info: cmd_mux: "mm_interconnect_0" instantiated altera_merlin_multiplexer "cmd_mux"
Info: cmd_mux_002: "mm_interconnect_0" instantiated altera_merlin_multiplexer "cmd_mux_002"
Info: Reusing file S:/Embedded/cacheDemo/niosSystem/synthesis/submodules/altera_merlin_arbitrator.sv
Info: rsp_demux: "mm_interconnect_0" instantiated altera_merlin_demultiplexer "rsp_demux"
Info: rsp_demux_002: "mm_interconnect_0" instantiated altera_merlin_demultiplexer "rsp_demux_002"
Info: rsp_mux: "mm_interconnect_0" instantiated altera_merlin_multiplexer "rsp_mux"
Info: Reusing file S:/Embedded/cacheDemo/niosSystem/synthesis/submodules/altera_merlin_arbitrator.sv
Info: rsp_mux_001: "mm_interconnect_0" instantiated altera_merlin_multiplexer "rsp_mux_001"
Info: Reusing file S:/Embedded/cacheDemo/niosSystem/synthesis/submodules/altera_merlin_arbitrator.sv
Info: avalon_st_adapter: "mm_interconnect_0" instantiated altera_avalon_st_adapter "avalon_st_adapter"
Info: error_adapter_0: "avalon_st_adapter" instantiated error_adapter "error_adapter_0"
Info: niosSystem: Done "niosSystem" with 31 modules, 50 files
Info: qsys-generate succeeded.
Info: Finished: Create HDL design files for synthesis
