16:04:44 **** Build of configuration Nios II for project NoDataCache ****
make all 
Info: Building ../NoDataCache_bsp/
C:/intelFPGA/16.1/nios2eds/bin/gnu/H-x86_64-mingw32/bin/make --no-print-directory -C ../NoDataCache_bsp/
[BSP build complete]
Info: Compiling main.c to obj/default/main.o
nios2-elf-gcc -xc -MP -MMD -c -I../NoDataCache_bsp//HAL/inc -I../NoDataCache_bsp/ -I../NoDataCache_bsp//drivers/inc  -pipe -D__hal__ -DALT_NO_INSTRUCTION_EMULATION -DALT_SINGLE_THREADED    -O0 -g -Wall   -mno-hw-div -mhw-mul -mno-hw-mulx -mgpopt=global  -o obj/default/main.o main.c
Info: Linking NoDataCache.elf
nios2-elf-g++  -T'../NoDataCache_bsp//linker.x' -msys-crt0='../NoDataCache_bsp//obj/HAL/src/crt0.o' -msys-lib=hal_bsp -L../NoDataCache_bsp/   -Wl,-Map=NoDataCache.map   -O0 -g -Wall   -mno-hw-div -mhw-mul -mno-hw-mulx -mgpopt=global  -o NoDataCache.elf obj/default/main.o -lm -msys-lib=m
nios2-elf-insert NoDataCache.elf --thread_model hal --cpu_name nios2_gen2_0 --qsys true --simulation_enabled false --stderr_dev none --stdin_dev none --stdout_dev none --sopc_system_name niosSystem --quartus_project_dir "S:/Embedded/cacheDemo" --jdi ../..//output_files/cacheDemo.jdi --sopcinfo S:/Embedded/cacheDemo/software/NoDataCache_bsp/../../niosSystem.sopcinfo
Info: (NoDataCache.elf) 3772 Bytes program size (code + initialized data).
Info:                   26 KBytes free for stack + heap.
Info: Creating NoDataCache.objdump
nios2-elf-objdump --disassemble --syms --all-header --source NoDataCache.elf >NoDataCache.objdump
[NoDataCache build complete]
16:05:34 **** Build of configuration Nios II for project NoDataCache ****
make all 
Info: Building ../NoDataCache_bsp/
C:/intelFPGA/16.1/nios2eds/bin/gnu/H-x86_64-mingw32/bin/make --no-print-directory -C ../NoDataCache_bsp/
[BSP build complete]
[NoDataCache build complete]
16:06:38 **** Build of configuration Nios II for project NoDataCache ****
make all 
Info: Building ../NoDataCache_bsp/
C:/intelFPGA/16.1/nios2eds/bin/gnu/H-x86_64-mingw32/bin/make --no-print-directory -C ../NoDataCache_bsp/
[BSP build complete]
[NoDataCache build complete]
16:12:56 **** Incremental Build of configuration Nios II for project NoDataCache ****
make all 
Info: Building ../NoDataCache_bsp/
C:/intelFPGA/16.1/nios2eds/bin/gnu/H-x86_64-mingw32/bin/make --no-print-directory -C ../NoDataCache_bsp/
[BSP build complete]
[NoDataCache build complete]
16:12:59 **** Build of configuration Nios II for project NoDataCache ****
make all 
Info: Building ../NoDataCache_bsp/
C:/intelFPGA/16.1/nios2eds/bin/gnu/H-x86_64-mingw32/bin/make --no-print-directory -C ../NoDataCache_bsp/
[BSP build complete]
[NoDataCache build complete]
16:13:14 **** Incremental Build of configuration Nios II for project NoDataCache ****
make all 
Info: Building ../NoDataCache_bsp/
C:/intelFPGA/16.1/nios2eds/bin/gnu/H-x86_64-mingw32/bin/make --no-print-directory -C ../NoDataCache_bsp/
[BSP build complete]
[NoDataCache build complete]
16:14:21 **** Incremental Build of configuration Nios II for project NoDataCache ****
make all 
Info: Building ../NoDataCache_bsp/
C:/intelFPGA/16.1/nios2eds/bin/gnu/H-x86_64-mingw32/bin/make --no-print-directory -C ../NoDataCache_bsp/
[BSP build complete]
[NoDataCache build complete]
16:15:01 **** Incremental Build of configuration Nios II for project NoDataCache ****
make all 
Info: Building ../NoDataCache_bsp/
C:/intelFPGA/16.1/nios2eds/bin/gnu/H-x86_64-mingw32/bin/make --no-print-directory -C ../NoDataCache_bsp/
[BSP build complete]
[NoDataCache build complete]
16:16:14 **** Incremental Build of configuration Nios II for project NoDataCache ****
make all 
Info: Building ../NoDataCache_bsp/
C:/intelFPGA/16.1/nios2eds/bin/gnu/H-x86_64-mingw32/bin/make --no-print-directory -C ../NoDataCache_bsp/
[BSP build complete]
[NoDataCache build complete]
